2024-07-08 10:03:47 INFO  InfoLogger:36 - Start controller: signup
2024-07-08 10:07:59 INFO  InfoLogger:49 - Start controller: delete input event by input field id
2024-07-08 10:08:16 INFO  InfoLogger:41 - Start controller: get all input event by step id
2024-07-08 10:38:45 INFO  InfoLogger:46 - Start controller: signin
2024-07-08 10:39:23 INFO  InfoLogger:35 - Start controller: signup
2024-07-08 10:40:05 INFO  InfoLogger:35 - Start controller: signup
2024-07-08 10:40:14 INFO  InfoLogger:46 - Start controller: signin
2024-07-08 10:41:33 INFO  InfoLogger:46 - Start controller: signin
2024-07-08 10:42:09 INFO  InfoLogger:65 - Start controller: signout
2024-07-08 10:42:14 INFO  InfoLogger:46 - Start controller: signin
2024-07-08 10:42:27 INFO  InfoLogger:30 - controller: Start create input event
2024-07-08 10:48:15 INFO  InfoLogger:30 - controller: Start create input event
2024-07-08 10:49:57 INFO  InfoLogger:30 - controller: Start create input event
2024-07-08 10:58:26 INFO  InfoLogger:46 - Start controller: signin
2024-07-08 10:58:58 INFO  InfoLogger:46 - Start controller: signin
2024-07-08 10:59:13 INFO  InfoLogger:30 - controller: Start create input event
2024-07-08 11:20:37 INFO  InfoLogger:30 - controller: Start create input event
2024-07-08 11:20:53 INFO  InfoLogger:41 - Start controller: get all input event by step id
2024-07-08 11:20:59 INFO  InfoLogger:41 - Start controller: get all input event by step id
2024-07-08 11:21:04 INFO  InfoLogger:41 - Start controller: get all input event by step id
2024-07-08 11:21:16 INFO  InfoLogger:49 - Start controller: delete input event by input field id
2024-07-08 11:21:21 INFO  InfoLogger:41 - Start controller: get all input event by step id
2024-07-08 11:22:01 INFO  InfoLogger:20 - controller: Start add input value
2024-07-08 11:22:13 INFO  InfoLogger:20 - controller: Start add input value
2024-07-08 11:24:21 INFO  InfoLogger:20 - controller: Start add input value
2024-07-08 11:24:27 INFO  InfoLogger:20 - controller: Start add input value
2024-07-08 11:28:25 INFO  InfoLogger:20 - controller: Start add input value
2024-07-08 11:28:27 INFO  InfoLogger:20 - controller: Start add input value
2024-07-08 11:30:41 INFO  InfoLogger:28 - controller: get all input event by user id
2024-07-08 11:30:45 INFO  InfoLogger:28 - controller: get all input event by user id
2024-07-08 11:33:59 INFO  InfoLogger:28 - controller: get all input event by user id
2024-07-08 11:34:30 INFO  InfoLogger:44 - controller: delete input event
2024-07-08 11:34:37 INFO  InfoLogger:44 - controller: delete input event
2024-07-08 11:34:51 INFO  InfoLogger:36 - controller: get all input event
2024-07-08 11:35:36 INFO  InfoLogger:44 - controller: delete input event
2024-07-08 11:35:44 INFO  InfoLogger:36 - controller: get all input event
2024-07-08 11:35:56 INFO  InfoLogger:20 - controller: Start add input value
2024-07-08 11:36:16 INFO  InfoLogger:36 - controller: get all input event
2024-07-08 11:37:42 INFO  InfoLogger:36 - controller: get all input event
2024-07-08 11:38:25 INFO  InfoLogger:28 - controller: get all input event by user id
2024-07-08 11:39:22 INFO  InfoLogger:28 - controller: get all input event by user id
2024-07-08 11:39:31 INFO  InfoLogger:41 - Start controller: get all input event by step id
2024-07-08 11:39:43 INFO  InfoLogger:30 - controller: Start create input event
2024-07-08 11:39:49 INFO  InfoLogger:41 - Start controller: get all input event by step id
2024-07-08 11:39:58 INFO  InfoLogger:20 - controller: Start add input value
2024-07-08 11:40:19 INFO  InfoLogger:51 - controller: update input event
2024-07-08 11:39:22 INFO  InfoLogger:28 - controller: get all input event by user id
2024-07-08 11:39:31 INFO  InfoLogger:41 - Start controller: get all input event by step id
2024-07-08 11:39:43 INFO  InfoLogger:30 - controller: Start create input event
2024-07-08 11:39:49 INFO  InfoLogger:41 - Start controller: get all input event by step id
2024-07-08 11:39:58 INFO  InfoLogger:20 - controller: Start add input value
2024-07-08 11:40:19 INFO  InfoLogger:51 - controller: update input event
2024-07-09 11:31:45 INFO  InfoLogger:14 - Start program: EmployeeEvaluationApplication
2024-07-09 13:13:52 INFO  InfoLogger:14 - Start program: EmployeeEvaluationApplication
2024-07-09 13:13:56 INFO  InfoLogger:33 - Controller: signup
2024-07-09 13:14:43 INFO  InfoLogger:44 - Controller: signin
2024-07-09 13:14:59 INFO  InfoLogger:44 - Controller: signin
2024-07-09 13:15:27 INFO  InfoLogger:44 - Controller: signin
2024-07-09 13:16:48 INFO  InfoLogger:44 - Controller: signin
2024-07-09 13:17:13 INFO  InfoLogger:34 - Controller: create event
2024-07-09 13:17:43 INFO  InfoLogger:34 - Controller: create event
2024-07-09 13:19:10 INFO  InfoLogger:87 - Controller: get all event
2024-07-09 13:24:26 INFO  InfoLogger:34 - Controller: create event
2024-07-09 13:24:32 INFO  InfoLogger:34 - Controller: create event
2024-07-09 13:24:38 INFO  InfoLogger:34 - Controller: create event
2024-07-09 13:26:09 INFO  InfoLogger:14 - Start program: EmployeeEvaluationApplication
2024-07-09 13:26:23 INFO  InfoLogger:34 - Controller: create event
2024-07-09 13:30:44 INFO  InfoLogger:14 - Start program: EmployeeEvaluationApplication
2024-07-09 13:33:24 INFO  InfoLogger:14 - Start program: EmployeeEvaluationApplication
2024-07-09 13:33:32 INFO  InfoLogger:26 - Controller: create evaluation step
2024-07-09 13:35:15 INFO  InfoLogger:44 - Controller: signin
2024-07-09 13:35:23 INFO  InfoLogger:44 - Controller: signin
2024-07-09 13:36:58 INFO  InfoLogger:30 - controller: Start create input event
2024-07-09 13:37:09 INFO  InfoLogger:30 - controller: Start create input event
2024-07-09 13:41:35 INFO  InfoLogger:14 - Start program: EmployeeEvaluationApplication
2024-07-09 13:41:43 INFO  InfoLogger:30 - controller: Start create input event
2024-07-09 13:42:14 INFO  InfoLogger:30 - controller: Start create input event
2024-07-09 13:46:47 INFO  InfoLogger:44 - Controller: add employee to event
2024-07-09 13:47:27 INFO  InfoLogger:44 - Controller: add employee to event
2024-07-09 13:47:37 INFO  InfoLogger:44 - Controller: add employee to event
2024-07-09 13:52:39 INFO  InfoLogger:30 - controller: Start create input event
2024-07-10 08:28:23 INFO  InfoLogger:14 - Start program: EmployeeEvaluationApplication
2024-07-10 08:29:05 INFO  InfoLogger:44 - Controller: signin
2024-07-10 08:33:52 INFO  InfoLogger:14 - Start program: EmployeeEvaluationApplication
2024-07-10 08:34:03 INFO  InfoLogger:44 - Controller: signin
2024-07-10 08:41:32 INFO  InfoLogger:14 - Start program: EmployeeEvaluationApplication
2024-07-10 08:41:35 INFO  InfoLogger:44 - Controller: signin
2024-07-10 08:41:56 INFO  InfoLogger:44 - Controller: signin
2024-07-10 08:42:52 INFO  InfoLogger:44 - Controller: signin
2024-07-10 08:43:17 INFO  InfoLogger:44 - Controller: signin
2024-07-10 08:43:24 INFO  InfoLogger:44 - Controller: signin
2024-07-10 08:44:18 INFO  InfoLogger:14 - Start program: EmployeeEvaluationApplication
2024-07-10 08:44:22 INFO  InfoLogger:44 - Controller: signin
2024-07-10 08:54:54 INFO  InfoLogger:14 - Start program: EmployeeEvaluationApplication
2024-07-10 08:55:05 INFO  InfoLogger:44 - Controller: signin
2024-07-10 08:55:13 INFO  InfoLogger:44 - Controller: signin
2024-07-10 08:55:26 INFO  InfoLogger:44 - Controller: signin
2024-07-10 08:55:43 INFO  InfoLogger:44 - Controller: signin
2024-07-10 08:59:55 INFO  InfoLogger:14 - Start program: EmployeeEvaluationApplication
2024-07-10 09:00:00 INFO  InfoLogger:44 - Controller: signin
2024-07-10 09:00:05 INFO  InfoLogger:44 - Controller: signin
2024-07-10 09:25:21 INFO  InfoLogger:14 - Start program: EmployeeEvaluationApplication
2024-07-10 09:25:30 INFO  InfoLogger:46 - Controller: signin
2024-07-10 09:25:40 INFO  InfoLogger:46 - Controller: signin
2024-07-10 09:25:50 INFO  InfoLogger:46 - Controller: signin
2024-07-10 09:26:04 INFO  InfoLogger:46 - Controller: signin
2024-07-10 09:34:36 INFO  InfoLogger:14 - Start program: EmployeeEvaluationApplication
2024-07-10 09:34:44 INFO  InfoLogger:46 - Controller: signin
2024-07-10 09:34:51 INFO  InfoLogger:46 - Controller: signin
2024-07-10 09:35:21 INFO  InfoLogger:46 - Controller: signin
2024-07-10 09:38:35 INFO  InfoLogger:46 - Controller: signin
2024-07-10 09:38:47 INFO  InfoLogger:46 - Controller: signin
2024-07-10 09:40:37 INFO  InfoLogger:46 - Controller: signin
2024-07-10 09:40:46 INFO  InfoLogger:46 - Controller: signin
2024-07-10 09:41:37 INFO  InfoLogger:14 - Start program: EmployeeEvaluationApplication
2024-07-10 09:41:41 INFO  InfoLogger:46 - Controller: signin
2024-07-10 09:42:11 INFO  InfoLogger:14 - Start program: EmployeeEvaluationApplication
2024-07-10 09:42:22 INFO  InfoLogger:46 - Controller: signin
2024-07-10 09:44:36 INFO  InfoLogger:14 - Start program: EmployeeEvaluationApplication
2024-07-10 09:58:30 INFO  InfoLogger:14 - Start program: EmployeeEvaluationApplication
2024-07-10 09:58:58 INFO  InfoLogger:46 - Controller: signin
2024-07-10 09:59:46 INFO  InfoLogger:14 - Start program: EmployeeEvaluationApplication
2024-07-10 09:59:58 INFO  InfoLogger:46 - Controller: signin
2024-07-10 10:00:06 INFO  InfoLogger:46 - Controller: signin
2024-07-10 10:06:18 INFO  InfoLogger:14 - Start program: EmployeeEvaluationApplication
2024-07-10 10:06:22 INFO  InfoLogger:47 - Controller: signin
2024-07-10 10:07:05 INFO  InfoLogger:47 - Controller: signin
2024-07-10 10:26:01 INFO  InfoLogger:14 - Start program: EmployeeEvaluationApplication
2024-07-10 10:26:12 INFO  InfoLogger:47 - Controller: signin
2024-07-10 10:26:28 INFO  InfoLogger:47 - Controller: signin
2024-07-10 10:29:11 INFO  InfoLogger:47 - Controller: signin
2024-07-10 10:29:19 INFO  InfoLogger:47 - Controller: signin
2024-07-10 10:29:32 INFO  InfoLogger:47 - Controller: signin
2024-07-10 10:29:39 INFO  InfoLogger:47 - Controller: signin
2024-07-10 10:30:15 INFO  InfoLogger:47 - Controller: signin
2024-07-10 10:31:41 INFO  InfoLogger:47 - Controller: signin
2024-07-10 10:58:02 INFO  InfoLogger:14 - Start program: EmployeeEvaluationApplication
2024-07-10 10:58:26 INFO  InfoLogger:47 - Controller: signin
2024-07-10 10:59:16 INFO  InfoLogger:74 - Controller: signout
2024-07-10 10:59:31 INFO  InfoLogger:74 - Controller: signout
2024-07-10 10:59:47 INFO  InfoLogger:74 - Controller: signout
2024-07-10 10:59:55 INFO  InfoLogger:74 - Controller: signout
2024-07-10 11:00:32 INFO  InfoLogger:14 - Start program: EmployeeEvaluationApplication
2024-07-10 11:00:35 INFO  InfoLogger:74 - Controller: signout
2024-07-10 11:00:39 INFO  InfoLogger:74 - Controller: signout
2024-07-10 11:26:26 INFO  InfoLogger:14 - Start program: EmployeeEvaluationApplication
2024-07-10 11:26:43 INFO  InfoLogger:47 - Controller: signin
2024-07-10 11:28:43 INFO  InfoLogger:35 - controller: Start create input event
2024-07-10 11:29:03 INFO  InfoLogger:35 - controller: Start create input event
2024-07-10 11:30:03 INFO  InfoLogger:35 - controller: Start create input event
2024-07-10 11:30:31 INFO  InfoLogger:35 - controller: Start create input event
2024-07-10 11:34:08 INFO  InfoLogger:35 - controller: Start create input event
2024-07-10 14:33:56 INFO  InfoLogger:14 - Start program: EmployeeEvaluationApplication
2024-07-10 14:34:06 INFO  InfoLogger:35 - controller: Start create input event
2024-07-10 14:34:38 INFO  InfoLogger:35 - controller: Start create input event
2024-07-10 14:41:24 INFO  InfoLogger:14 - Start program: EmployeeEvaluationApplication
2024-07-10 14:41:47 INFO  InfoLogger:35 - controller: Start create input event
2024-07-10 14:42:51 INFO  InfoLogger:35 - controller: Start create input event
2024-07-10 14:43:18 INFO  InfoLogger:35 - controller: Start create input event
2024-07-10 14:45:04 INFO  InfoLogger:35 - controller: Start create input event
2024-07-10 14:45:38 INFO  InfoLogger:47 - Controller: add company
2024-07-10 14:46:19 INFO  InfoLogger:47 - Controller: add company
2024-07-10 14:46:26 INFO  InfoLogger:47 - Controller: add company
2024-07-10 14:47:05 INFO  InfoLogger:47 - Controller: add company
2024-07-10 14:47:19 INFO  InfoLogger:47 - Controller: add company
2024-07-10 14:48:01 INFO  InfoLogger:67 - Start controller: get all input event by step id
2024-07-10 14:48:13 INFO  InfoLogger:67 - Start controller: get all input event by step id
2024-07-10 14:48:35 INFO  InfoLogger:67 - Start controller: get all input event by step id
2024-07-10 14:51:44 INFO  InfoLogger:14 - Start program: EmployeeEvaluationApplication
2024-07-10 14:52:42 INFO  InfoLogger:14 - Start program: EmployeeEvaluationApplication
2024-07-10 14:53:01 INFO  InfoLogger:35 - controller: Start create input event
2024-07-10 14:53:09 INFO  InfoLogger:35 - controller: Start create input event
2024-07-10 14:54:13 INFO  InfoLogger:14 - Start program: EmployeeEvaluationApplication
2024-07-10 14:54:21 INFO  InfoLogger:35 - controller: Start create input event
2024-07-10 14:56:25 INFO  InfoLogger:35 - controller: Start create input event
2024-07-10 14:57:54 INFO  InfoLogger:35 - controller: Start create input event
2024-07-10 14:58:23 INFO  InfoLogger:35 - controller: Start create input event
2024-07-10 14:58:35 INFO  InfoLogger:35 - controller: Start create input event
2024-07-10 15:07:41 INFO  InfoLogger:14 - Start program: EmployeeEvaluationApplication
2024-07-10 15:09:20 INFO  InfoLogger:35 - controller: Start create input event
2024-07-10 15:11:39 INFO  InfoLogger:14 - Start program: EmployeeEvaluationApplication
2024-07-10 15:12:09 INFO  InfoLogger:35 - controller: Start create input event
2024-07-10 15:12:33 INFO  InfoLogger:35 - controller: Start create input event
2024-07-10 15:16:42 INFO  InfoLogger:14 - Start program: EmployeeEvaluationApplication
2024-07-10 15:17:00 INFO  InfoLogger:35 - controller: Start create input event
2024-07-10 15:17:28 INFO  InfoLogger:35 - controller: Start create input event
2024-07-10 15:17:59 INFO  InfoLogger:35 - controller: Start create input event
2024-07-10 15:22:57 INFO  InfoLogger:14 - Start program: EmployeeEvaluationApplication
2024-07-10 15:23:39 INFO  InfoLogger:35 - controller: Start create input event
2024-07-10 15:26:21 INFO  InfoLogger:35 - controller: Start create input event
2024-07-10 15:26:29 INFO  InfoLogger:35 - controller: Start create input event
2024-07-10 15:28:41 INFO  InfoLogger:35 - controller: Start create input event
2024-07-10 15:37:42 INFO  InfoLogger:14 - Start program: EmployeeEvaluationApplication
2024-07-10 15:40:29 INFO  InfoLogger:35 - controller: Start create input event
2024-07-10 15:40:29 INFO  InfoLogger:35 - controller: Start create input event
2024-07-10 15:41:29 INFO  InfoLogger:14 - Start program: EmployeeEvaluationApplication
2024-07-10 15:41:37 INFO  InfoLogger:35 - controller: Start create input event
2024-07-10 15:41:48 INFO  InfoLogger:35 - controller: Start create input event
2024-07-10 15:43:28 INFO  InfoLogger:14 - Start program: EmployeeEvaluationApplication
2024-07-10 15:43:53 INFO  InfoLogger:35 - controller: Start create input event
2024-07-10 15:48:37 INFO  InfoLogger:14 - Start program: EmployeeEvaluationApplication
2024-07-10 15:49:17 INFO  InfoLogger:14 - Start program: EmployeeEvaluationApplication
2024-07-10 15:49:28 INFO  InfoLogger:14 - Start program: EmployeeEvaluationApplication
2024-07-10 15:51:02 INFO  InfoLogger:35 - controller: Start create input event
2024-07-10 15:52:30 INFO  InfoLogger:35 - controller: Start create input event
2024-07-10 15:52:53 INFO  InfoLogger:35 - controller: Start create input event
2024-07-10 15:59:57 INFO  InfoLogger:14 - Start program: EmployeeEvaluationApplication
2024-07-10 16:00:07 INFO  InfoLogger:35 - controller: Start create input event
2024-07-10 16:00:17 INFO  InfoLogger:35 - controller: Start create input event
2024-07-10 16:02:06 INFO  InfoLogger:35 - controller: Start create input event
2024-07-10 16:04:29 INFO  InfoLogger:14 - Start program: EmployeeEvaluationApplication
2024-07-11 08:26:15 INFO  InfoLogger:14 - Start program: EmployeeEvaluationApplication
2024-07-11 08:26:26 INFO  InfoLogger:35 - controller: Start create input event
2024-07-11 08:27:59 INFO  InfoLogger:35 - controller: Start create input event
2024-07-11 08:29:02 INFO  InfoLogger:14 - Start program: EmployeeEvaluationApplication
2024-07-11 08:29:06 INFO  InfoLogger:35 - controller: Start create input event
2024-07-11 08:32:10 INFO  InfoLogger:14 - Start program: EmployeeEvaluationApplication
2024-07-11 08:32:47 INFO  InfoLogger:35 - controller: Start create input event
2024-07-11 08:33:01 INFO  InfoLogger:35 - controller: Start create input event
2024-07-11 08:33:35 INFO  InfoLogger:35 - controller: Start create input event
2024-07-11 08:34:06 INFO  InfoLogger:35 - controller: Start create input event
2024-07-11 08:34:35 INFO  InfoLogger:14 - Start program: EmployeeEvaluationApplication
2024-07-11 08:34:39 INFO  InfoLogger:35 - controller: Start create input event
2024-07-11 08:35:33 INFO  InfoLogger:14 - Start program: EmployeeEvaluationApplication
2024-07-11 08:35:41 INFO  InfoLogger:14 - Start program: EmployeeEvaluationApplication
2024-07-11 08:35:50 INFO  InfoLogger:35 - controller: Start create input event
2024-07-11 08:37:32 INFO  InfoLogger:35 - controller: Start create input event
2024-07-11 08:37:55 INFO  InfoLogger:35 - controller: Start create input event
2024-07-11 08:38:41 INFO  InfoLogger:35 - controller: Start create input event
2024-07-11 08:42:43 INFO  InfoLogger:14 - Start program: EmployeeEvaluationApplication
2024-07-11 08:44:18 INFO  InfoLogger:14 - Start program: EmployeeEvaluationApplication
2024-07-11 08:50:54 INFO  InfoLogger:14 - Start program: EmployeeEvaluationApplication
2024-07-11 08:53:18 INFO  InfoLogger:14 - Start program: EmployeeEvaluationApplication
2024-07-11 09:00:36 INFO  InfoLogger:14 - Start program: EmployeeEvaluationApplication
2024-07-11 09:00:41 INFO  InfoLogger:36 - controller: Start create input event
2024-07-11 09:01:03 INFO  InfoLogger:36 - controller: Start create input event
2024-07-11 09:04:32 INFO  InfoLogger:36 - controller: Start create input event
2024-07-11 09:04:56 INFO  InfoLogger:47 - Controller: signin
2024-07-11 09:05:19 INFO  InfoLogger:47 - Controller: signin
2024-07-11 09:06:38 INFO  InfoLogger:74 - Controller: signout
2024-07-11 09:07:53 INFO  InfoLogger:74 - Controller: signout
2024-07-11 09:09:50 INFO  InfoLogger:68 - Start controller: get all input event by step id
2024-07-11 09:12:01 INFO  InfoLogger:14 - Start program: EmployeeEvaluationApplication
2024-07-11 09:12:06 INFO  InfoLogger:68 - Start controller: get all input event by step id
2024-07-11 09:13:33 INFO  InfoLogger:14 - Start program: EmployeeEvaluationApplication
2024-07-11 09:14:59 INFO  InfoLogger:14 - Start program: EmployeeEvaluationApplication
2024-07-11 09:17:41 INFO  InfoLogger:14 - Start program: EmployeeEvaluationApplication
2024-07-11 09:17:58 INFO  InfoLogger:68 - Start controller: get all input event by step id
2024-07-11 09:18:09 INFO  InfoLogger:68 - Start controller: get all input event by step id
2024-07-11 09:23:54 INFO  InfoLogger:14 - Start program: EmployeeEvaluationApplication
2024-07-11 09:27:03 INFO  InfoLogger:14 - Start program: EmployeeEvaluationApplication
2024-07-11 09:28:40 INFO  InfoLogger:14 - Start program: EmployeeEvaluationApplication
2024-07-11 09:29:18 INFO  InfoLogger:69 - Start controller: get all input event by step id
2024-07-11 09:32:46 INFO  InfoLogger:14 - Start program: EmployeeEvaluationApplication
2024-07-11 09:33:27 INFO  InfoLogger:14 - Start program: EmployeeEvaluationApplication
2024-07-11 09:34:29 INFO  InfoLogger:69 - Start controller: get all input event by step id
2024-07-11 09:34:36 INFO  InfoLogger:69 - Start controller: get all input event by step id
2024-07-11 09:42:30 INFO  InfoLogger:14 - Start program: EmployeeEvaluationApplication
2024-07-11 09:43:00 INFO  InfoLogger:76 - Start controller: delete input event by input field id
2024-07-11 09:43:12 INFO  InfoLogger:76 - Start controller: delete input event by input field id
2024-07-11 09:43:52 INFO  InfoLogger:76 - Start controller: delete input event by input field id
2024-07-11 09:43:55 INFO  InfoLogger:76 - Start controller: delete input event by input field id
2024-07-11 09:43:58 INFO  InfoLogger:76 - Start controller: delete input event by input field id
2024-07-11 09:50:20 INFO  InfoLogger:76 - Start controller: delete input event by input field id
2024-07-11 10:05:45 INFO  InfoLogger:14 - Start program: EmployeeEvaluationApplication
2024-07-11 10:06:14 INFO  InfoLogger:76 - Start controller: get all input event by input type
2024-07-11 10:06:57 INFO  InfoLogger:14 - Start program: EmployeeEvaluationApplication
2024-07-11 10:07:07 INFO  InfoLogger:76 - Start controller: get all input event by input type
2024-07-11 10:07:32 INFO  InfoLogger:76 - Start controller: get all input event by input type
2024-07-11 10:07:39 INFO  InfoLogger:76 - Start controller: get all input event by input type
2024-07-11 10:08:39 INFO  InfoLogger:37 - controller: Start create input event
2024-07-11 10:08:56 INFO  InfoLogger:37 - controller: Start create input event
2024-07-11 10:09:18 INFO  InfoLogger:76 - Start controller: get all input event by input type
2024-07-11 10:10:13 INFO  InfoLogger:76 - Start controller: get all input event by input type
2024-07-11 10:10:21 INFO  InfoLogger:76 - Start controller: get all input event by input type
2024-07-11 10:16:20 INFO  InfoLogger:14 - Start program: EmployeeEvaluationApplication
2024-07-11 10:16:44 INFO  InfoLogger:37 - controller: Start create input event
2024-07-11 10:18:18 INFO  InfoLogger:14 - Start program: EmployeeEvaluationApplication
2024-07-11 10:18:26 INFO  InfoLogger:83 - Start controller: get all input event by input permission
2024-07-11 10:18:44 INFO  InfoLogger:83 - Start controller: get all input event by input permission
2024-07-11 10:18:55 INFO  InfoLogger:83 - Start controller: get all input event by input permission
2024-07-11 10:19:26 INFO  InfoLogger:14 - Start program: EmployeeEvaluationApplication
2024-07-11 10:19:32 INFO  InfoLogger:83 - Start controller: get all input event by input permission
2024-07-11 10:21:02 INFO  InfoLogger:14 - Start program: EmployeeEvaluationApplication
2024-07-11 10:21:10 INFO  InfoLogger:83 - Start controller: get all input event by input permission
2024-07-11 10:21:20 INFO  InfoLogger:83 - Start controller: get all input event by input permission
2024-07-11 10:21:25 INFO  InfoLogger:83 - Start controller: get all input event by input permission
2024-07-11 10:21:33 INFO  InfoLogger:83 - Start controller: get all input event by input permission
2024-07-11 10:21:50 INFO  InfoLogger:83 - Start controller: get all input event by input permission
2024-07-11 10:57:54 INFO  InfoLogger:14 - Start program: EmployeeEvaluationApplication
2024-07-11 10:57:59 INFO  InfoLogger:97 - controller: delete input event by step id
2024-07-11 10:58:54 INFO  InfoLogger:97 - controller: delete input event by step id
2024-07-11 10:59:33 INFO  InfoLogger:14 - Start program: EmployeeEvaluationApplication
2024-07-11 10:59:38 INFO  InfoLogger:97 - controller: delete input event by step id
2024-07-11 11:00:04 INFO  InfoLogger:97 - controller: delete input event by step id
2024-07-11 11:01:47 INFO  InfoLogger:14 - Start program: EmployeeEvaluationApplication
2024-07-11 11:01:58 INFO  InfoLogger:97 - controller: delete input event by step id
2024-07-11 11:02:06 INFO  InfoLogger:97 - controller: delete input event by step id
2024-07-11 11:02:45 INFO  InfoLogger:97 - controller: delete input event by step id
2024-07-11 11:02:53 INFO  InfoLogger:97 - controller: delete input event by step id
2024-07-11 14:42:11 INFO  InfoLogger:14 - Start program: EmployeeEvaluationApplication
2024-07-11 14:46:27 INFO  InfoLogger:43 - Controller: signin
2024-07-11 14:46:34 INFO  InfoLogger:43 - Controller: signin
2024-07-11 14:48:40 INFO  InfoLogger:36 - controller: Start create input event
2024-07-11 14:50:15 INFO  InfoLogger:128 - controller: Start create input event
2024-07-11 14:57:19 INFO  InfoLogger:14 - Start program: EmployeeEvaluationApplication
2024-07-11 14:58:43 INFO  InfoLogger:73 - controller: get all input event by step id
2024-07-11 14:59:05 INFO  InfoLogger:43 - Controller: signin
2024-07-11 14:59:14 INFO  InfoLogger:36 - controller: Start create input event
2024-07-11 14:59:24 INFO  InfoLogger:73 - controller: get all input event by step id
2024-07-11 14:59:46 INFO  InfoLogger:73 - controller: get all input event by step id
2024-07-11 14:59:56 INFO  InfoLogger:97 - controller: get all input event by input permission
2024-07-11 15:00:11 INFO  InfoLogger:128 - controller: Start update input event
2024-07-11 15:01:01 INFO  InfoLogger:128 - controller: Start update input event
2024-07-11 15:01:14 INFO  InfoLogger:128 - controller: Start update input event
2024-07-11 15:01:22 INFO  InfoLogger:128 - controller: Start update input event
2024-07-11 15:02:01 INFO  InfoLogger:14 - Start program: EmployeeEvaluationApplication
2024-07-11 15:02:16 INFO  InfoLogger:128 - controller: Start update input event
2024-07-11 15:03:53 INFO  InfoLogger:14 - Start program: EmployeeEvaluationApplication
2024-07-11 15:04:22 INFO  InfoLogger:128 - controller: Start update input event
2024-07-11 15:04:41 INFO  InfoLogger:128 - controller: Start update input event
2024-07-11 15:04:57 INFO  InfoLogger:128 - controller: Start update input event
2024-07-11 15:05:34 INFO  InfoLogger:128 - controller: Start update input event
2024-07-11 15:06:35 INFO  InfoLogger:128 - controller: Start update input event
2024-07-11 15:10:23 INFO  InfoLogger:14 - Start program: EmployeeEvaluationApplication
2024-07-11 15:10:27 INFO  InfoLogger:128 - controller: Start update input event
2024-07-11 15:15:34 INFO  InfoLogger:14 - Start program: EmployeeEvaluationApplication
2024-07-11 15:15:42 INFO  InfoLogger:128 - controller: Start update input event
2024-07-11 15:17:01 INFO  InfoLogger:14 - Start program: EmployeeEvaluationApplication
2024-07-11 15:17:38 INFO  InfoLogger:128 - controller: Start update input event
2024-07-11 15:19:42 INFO  InfoLogger:14 - Start program: EmployeeEvaluationApplication
2024-07-11 15:19:46 INFO  InfoLogger:128 - controller: Start update input event
2024-07-11 15:20:15 INFO  InfoLogger:14 - Start program: EmployeeEvaluationApplication
2024-07-11 15:20:25 INFO  InfoLogger:128 - controller: Start update input event
2024-07-11 15:21:40 INFO  InfoLogger:128 - controller: Start update input event
2024-07-11 15:22:14 INFO  InfoLogger:109 - controller: delete input event by input field id
2024-07-11 15:22:30 INFO  InfoLogger:121 - controller: delete input event by step id
2024-07-11 15:22:36 INFO  InfoLogger:121 - controller: delete input event by step id
2024-07-11 15:24:14 INFO  InfoLogger:14 - Start program: EmployeeEvaluationApplication
2024-07-11 15:24:26 INFO  InfoLogger:14 - Start program: EmployeeEvaluationApplication
2024-07-11 15:24:32 INFO  InfoLogger:121 - controller: delete input event by step id
2024-07-11 15:24:40 INFO  InfoLogger:36 - controller: Start create input event
2024-07-11 15:24:47 INFO  InfoLogger:128 - controller: Start update input event
2024-07-11 15:25:00 INFO  InfoLogger:128 - controller: Start update input event
2024-07-11 15:25:12 INFO  InfoLogger:128 - controller: Start update input event
2024-07-11 15:26:41 INFO  InfoLogger:14 - Start program: EmployeeEvaluationApplication
2024-07-11 15:26:45 INFO  InfoLogger:128 - controller: Start update input event
2024-07-11 15:26:52 INFO  InfoLogger:36 - controller: Start create input event
